生成启动时间为 2019/9/28 22:26:12。
     1>项目“C:\Users\huiling\Desktop\fast_human_face_detection\fast-libfacedetection\fast-libfacedetection\fast-libfacedetection.vcxproj”在节点 2 上(Build 个目标)。
     1>ClCompile:
         D:\VS2013\VC\bin\CL.exe /c /Zi /nologo /W3 /WX- /sdl /O2 /Oi /Oy- /GL /D WIN32 /D NDEBUG /D _CONSOLE /D _LIB /D __WIN__ /D _WINDOWS /D _UNICODE /D UNICODE /Gm- /EHsc /MD /GS /Gy /fp:precise /Zc:wchar_t /Zc:forScope /Fo"Release\\" /Fd"Release\vc120.pdb" /Gd /TP /analyze- /errorReport:prompt facedetectcnn.cpp
         facedetectcnn.cpp
     1>facedetectcnn.cpp(638): warning C4244: “=”: 从“int”转换到“float”，可能丢失数据
     1>facedetectcnn.cpp(1008): warning C4101: “ch”: 未引用的局部变量
     1>facedetectcnn.cpp(1087): warning C4101: “ch”: 未引用的局部变量
     1>facedetectcnn.cpp(1319): warning C4101: “ch”: 未引用的局部变量
     1>facedetectcnn.cpp(1395): warning C4244: “初始化”: 从“int”转换到“float”，可能丢失数据
     1>facedetectcnn.cpp(1459): warning C4244: “=”: 从“float”转换到“int”，可能丢失数据
     1>facedetectcnn.cpp(1614): warning C4018: “<”: 有符号/无符号不匹配
     1>facedetectcnn.cpp(1626): warning C4018: “<”: 有符号/无符号不匹配
     1>facedetectcnn.cpp(1635): warning C4018: “<”: 有符号/无符号不匹配
     1>facedetectcnn.cpp(1650): warning C4018: “<”: 有符号/无符号不匹配
     1>facedetectcnn.cpp(1654): warning C4269: “bb2”: 用编译器生成的默认构造函数初始化的“const”自动数据产生不可靠的结果
     1>facedetectcnn.cpp(1674): warning C4018: “<”: 有符号/无符号不匹配
       Link:
         D:\VS2013\VC\bin\link.exe /ERRORREPORT:PROMPT /OUT:"C:\Users\huiling\Desktop\fast_human_face_detection\fast-libfacedetection\Release\fast-libfacedetection.exe" /INCREMENTAL:NO /NOLOGO opencv_objdetect249.lib opencv_ts249.lib opencv_video249.lib opencv_nonfree249.lib opencv_ocl249.lib opencv_photo249.lib opencv_stitching249.lib opencv_superres249.lib opencv_videostab249.lib opencv_calib3d249.lib opencv_contrib249.lib opencv_core249.lib opencv_features2d249.lib opencv_flann249.lib opencv_gpu249.lib opencv_highgui249.lib opencv_imgproc249.lib opencv_legacy249.lib opencv_ml249.lib kernel32.lib user32.lib gdi32.lib winspool.lib comdlg32.lib advapi32.lib shell32.lib ole32.lib oleaut32.lib uuid.lib odbc32.lib odbccp32.lib /MANIFEST /MANIFESTUAC:"level='asInvoker' uiAccess='false'" /manifest:embed /DEBUG /PDB:"C:\Users\huiling\Desktop\fast_human_face_detection\fast-libfacedetection\Release\fast-libfacedetection.pdb" /SUBSYSTEM:CONSOLE /OPT:REF /OPT:ICF /LTCG /TLBID:1 /DYNAMICBASE /NXCOMPAT /IMPLIB:"C:\Users\huiling\Desktop\fast_human_face_detection\fast-libfacedetection\Release\fast-libfacedetection.lib" /MACHINE:X86 /SAFESEH "Release\facedetectcnn-floatdata.obj"
         "Release\facedetectcnn-int8data.obj"
         "Release\facedetectcnn-model.obj"
         Release\facedetectcnn.obj
         "Release\libfacedetectcnn-example.obj"
         Release\MyVector.obj
         Release\stdafx.obj
         正在生成代码
     1>c:\users\huiling\desktop\fast_human_face_detection\fast-libfacedetection\fast-libfacedetection\facedetectcnn.cpp(1462): warning C4715: “TPQuickIntoSortedArrayPairIFloat”: 不是所有的控件路径都返回值
         已完成代码的生成
         fast-libfacedetection.vcxproj -> C:\Users\huiling\Desktop\fast_human_face_detection\fast-libfacedetection\Release\fast-libfacedetection.exe
     1>已完成生成项目“C:\Users\huiling\Desktop\fast_human_face_detection\fast-libfacedetection\fast-libfacedetection\fast-libfacedetection.vcxproj”(Build 个目标)的操作。

生成成功。

已用时间 00:00:03.83
